Aug-18 04:27:23.219 [main] DEBUG nextflow.cli.Launcher - $> nextflow run real_reads_analysis.nf -profile real_reads_analysis -resume
Aug-18 04:27:23.507 [main] DEBUG nextflow.cli.CmdRun - N E X T F L O W  ~  version 24.04.3
Aug-18 04:27:23.528 [main] DEBUG nextflow.plugin.PluginsFacade - Setting up plugin manager > mode=prod; embedded=false; plugins-dir=/home/tbea20/.nextflow/plugins; core-plugins: nf-amazon@2.5.2,nf-azure@1.6.0,nf-cloudcache@0.4.1,nf-codecommit@0.2.0,nf-console@1.1.3,nf-ga4gh@1.3.0,nf-google@1.13.2-patch1,nf-tower@1.9.1,nf-wave@1.4.2
Aug-18 04:27:23.544 [main] INFO  o.pf4j.DefaultPluginStatusProvider - Enabled plugins: []
Aug-18 04:27:23.545 [main] INFO  o.pf4j.DefaultPluginStatusProvider - Disabled plugins: []
Aug-18 04:27:23.549 [main] INFO  org.pf4j.DefaultPluginManager - PF4J version 3.10.0 in 'deployment' mode
Aug-18 04:27:23.563 [main] INFO  org.pf4j.AbstractPluginManager - No plugins
Aug-18 04:27:23.586 [main] DEBUG nextflow.config.ConfigBuilder - Found config local: /home/tbea20/Research-Project-2B-Final/nextflow.config
Aug-18 04:27:23.590 [main] DEBUG nextflow.config.ConfigBuilder - Parsing config file: /home/tbea20/Research-Project-2B-Final/nextflow.config
Aug-18 04:27:23.621 [main] DEBUG n.secret.LocalSecretsProvider - Secrets store: /home/tbea20/.nextflow/secrets/store.json
Aug-18 04:27:23.625 [main] DEBUG nextflow.secret.SecretsLoader - Discovered secrets providers: [nextflow.secret.LocalSecretsProvider@6bff19ff] - activable => nextflow.secret.LocalSecretsProvider@6bff19ff
Aug-18 04:27:23.632 [main] DEBUG nextflow.config.ConfigBuilder - Applying config profile: `real_reads_analysis`
Aug-18 04:27:24.484 [main] DEBUG nextflow.config.ConfigBuilder - Available config profiles: [real_reads_analysis, core_mutation]
Aug-18 04:27:24.523 [main] DEBUG nextflow.cli.CmdRun - Applied DSL=2 from script declaration
Aug-18 04:27:24.538 [main] DEBUG nextflow.cli.CmdRun - Launching `real_reads_analysis.nf` [cranky_newton] DSL2 - revision: ca4c82dca3
Aug-18 04:27:24.539 [main] DEBUG nextflow.plugin.PluginsFacade - Plugins default=[]
Aug-18 04:27:24.540 [main] DEBUG nextflow.plugin.PluginsFacade - Plugins resolved requirement=[]
Aug-18 04:27:24.597 [main] DEBUG nextflow.Session - Session UUID: c1c90694-c6cc-4e89-9b2e-4a60dfe52e20
Aug-18 04:27:24.597 [main] DEBUG nextflow.Session - Run name: cranky_newton
Aug-18 04:27:24.598 [main] DEBUG nextflow.Session - Executor pool size: 12
Aug-18 04:27:24.606 [main] DEBUG nextflow.file.FilePorter - File porter settings maxRetries=3; maxTransfers=50; pollTimeout=null
Aug-18 04:27:24.643 [main] DEBUG nextflow.cli.CmdRun - 
  Version: 24.04.3 build 5916
  Created: 09-07-2024 19:35 UTC (20:35 BST)
  System: Linux 5.15.153.1-microsoft-standard-WSL2
  Runtime: Groovy 4.0.21 on OpenJDK 64-Bit Server VM 22.0.1-internal-adhoc.conda.src
  Encoding: UTF-8 (UTF-8)
  Process: 52994@TheoTop [127.0.1.1]
  CPUs: 12 - Mem: 15.2 GB (3.4 GB) - Swap: 4 GB (2.4 GB) - Virtual threads ON
Aug-18 04:27:24.737 [main] DEBUG nextflow.Session - Work-dir: /home/tbea20/Research-Project-2B-Final/work [ext2/ext3]
Aug-18 04:27:24.767 [main] DEBUG nextflow.executor.ExecutorFactory - Extension executors providers=[]
Aug-18 04:27:24.781 [main] DEBUG nextflow.Session - Observer factory: DefaultObserverFactory
Aug-18 04:27:24.848 [main] DEBUG nextflow.cache.CacheFactory - Using Nextflow cache factory: nextflow.cache.DefaultCacheFactory
Aug-18 04:27:24.855 [main] DEBUG nextflow.util.CustomPoolFactory - Creating virtual thread pool
Aug-18 04:27:24.936 [main] DEBUG nextflow.Session - Session start
Aug-18 04:27:24.939 [main] DEBUG nextflow.trace.TraceFileObserver - Workflow started -- trace file: /home/tbea20/Research-Project-2B-Final/results/pipeline_trace.txt
Aug-18 04:27:25.261 [main] DEBUG nextflow.script.ScriptRunner - > Launching execution
Aug-18 04:27:26.118 [main] DEBUG nextflow.executor.ExecutorFactory - << taskConfig executor: local
Aug-18 04:27:26.118 [main] DEBUG nextflow.executor.ExecutorFactory - >> processorType: 'local'
Aug-18 04:27:26.124 [main] DEBUG nextflow.executor.Executor - [warm up] executor > local
Aug-18 04:27:26.131 [main] DEBUG n.processor.LocalPollingMonitor - Creating local task monitor for executor 'local' > cpus=12; memory=15.2 GB; capacity=12; pollInterval=100ms; dumpInterval=5m
Aug-18 04:27:26.134 [main] DEBUG n.processor.TaskPollingMonitor - >>> barrier register (monitor: local)
Aug-18 04:27:26.209 [main] DEBUG nextflow.script.ProcessConfig - Config settings `withName:FASTP` matches process FASTP
Aug-18 04:27:26.214 [main] DEBUG nextflow.executor.ExecutorFactory - << taskConfig executor: local
Aug-18 04:27:26.215 [main] DEBUG nextflow.executor.ExecutorFactory - >> processorType: 'local'
Aug-18 04:27:26.223 [main] DEBUG nextflow.script.ProcessConfig - Config settings `withName:UNICYCLER_ASSEMBLY` matches process UNICYCLER_ASSEMBLY
Aug-18 04:27:26.225 [main] DEBUG nextflow.executor.ExecutorFactory - << taskConfig executor: local
Aug-18 04:27:26.225 [main] DEBUG nextflow.executor.ExecutorFactory - >> processorType: 'local'
Aug-18 04:27:26.236 [main] DEBUG nextflow.script.ProcessConfig - Config settings `withName:PROKKA` matches process PROKKA_ASSEMBLED
Aug-18 04:27:26.239 [main] DEBUG nextflow.executor.ExecutorFactory - << taskConfig executor: local
Aug-18 04:27:26.239 [main] DEBUG nextflow.executor.ExecutorFactory - >> processorType: 'local'
Aug-18 04:27:26.250 [main] DEBUG nextflow.script.ProcessConfig - Config settings `withName:EXTRACT_ACETYLTRANSFERASE_GENES_GFF_REAL` matches process EXTRACT_ACETYLTRANSFERASE_GENES_GFF_REAL
Aug-18 04:27:26.251 [main] DEBUG nextflow.script.ProcessConfig - Config settings `withName:EXTRACT_ACETYLTRANSFERASE_GENES_GFF_REAL` matches process EXTRACT_ACETYLTRANSFERASE_GENES_GFF_REAL
Aug-18 04:27:26.253 [main] DEBUG nextflow.executor.ExecutorFactory - << taskConfig executor: local
Aug-18 04:27:26.254 [main] DEBUG nextflow.executor.ExecutorFactory - >> processorType: 'local'
Aug-18 04:27:26.261 [main] DEBUG nextflow.script.ProcessConfig - Config settings `withName:EXTRACT_KEYWORD_GENES` matches process EXTRACT_KEYWORD_GENES
Aug-18 04:27:26.263 [main] DEBUG nextflow.executor.ExecutorFactory - << taskConfig executor: local
Aug-18 04:27:26.264 [main] DEBUG nextflow.executor.ExecutorFactory - >> processorType: 'local'
Aug-18 04:27:26.281 [main] DEBUG nextflow.executor.ExecutorFactory - << taskConfig executor: local
Aug-18 04:27:26.282 [main] DEBUG nextflow.executor.ExecutorFactory - >> processorType: 'local'
Aug-18 04:27:26.306 [main] DEBUG nextflow.script.ProcessConfig - Config settings `withName:SNIPPY_REAL_READS` matches process SNIPPY_REAL_READS
Aug-18 04:27:26.308 [main] DEBUG nextflow.executor.ExecutorFactory - << taskConfig executor: local
Aug-18 04:27:26.308 [main] DEBUG nextflow.executor.ExecutorFactory - >> processorType: 'local'
Aug-18 04:27:26.316 [main] DEBUG nextflow.script.ProcessConfig - Config settings `withName:APPLY_SNIPPY_CHANGES_REAL` matches process APPLY_SNIPPY_CHANGES_REAL
Aug-18 04:27:26.317 [main] DEBUG nextflow.executor.ExecutorFactory - << taskConfig executor: local
Aug-18 04:27:26.318 [main] DEBUG nextflow.executor.ExecutorFactory - >> processorType: 'local'
Aug-18 04:27:26.325 [main] DEBUG nextflow.script.ProcessConfig - Config settings `withName:ANALYZE_PREMATURE_STOPS_REAL` matches process ANALYZE_PREMATURE_STOPS_REAL
Aug-18 04:27:26.326 [main] DEBUG nextflow.script.ProcessConfig - Config settings `withName:ANALYZE_PREMATURE_STOPS_REAL` matches process ANALYZE_PREMATURE_STOPS_REAL
Aug-18 04:27:26.327 [main] DEBUG nextflow.executor.ExecutorFactory - << taskConfig executor: local
Aug-18 04:27:26.328 [main] DEBUG nextflow.executor.ExecutorFactory - >> processorType: 'local'
Aug-18 04:27:26.341 [main] DEBUG nextflow.script.ProcessConfig - Config settings `withName:BLAST_ACETYLTRANSFERASES_REAL` matches process BLAST_ACETYLTRANSFERASES_REAL
Aug-18 04:27:26.342 [main] DEBUG nextflow.script.ProcessConfig - Config settings `withName:BLAST_ACETYLTRANSFERASES_REAL` matches process BLAST_ACETYLTRANSFERASES_REAL
Aug-18 04:27:26.344 [main] DEBUG nextflow.executor.ExecutorFactory - << taskConfig executor: local
Aug-18 04:27:26.345 [main] DEBUG nextflow.executor.ExecutorFactory - >> processorType: 'local'
Aug-18 04:27:26.363 [main] DEBUG nextflow.executor.ExecutorFactory - << taskConfig executor: local
Aug-18 04:27:26.364 [main] DEBUG nextflow.executor.ExecutorFactory - >> processorType: 'local'
Aug-18 04:27:26.370 [main] DEBUG nextflow.Session - Workflow process names [dsl2]: COMPARE_ANNOTATIONS, ANALYZE_PREMATURE_STOPS_PREASSEMBLED, BLAST_ACETYLTRANSFERASES, BLAST_ACETYLTRANSFERASES_REAL, FASTP, ANALYZE_PREMATURE_STOPS_REAL, EXTRACT_ACETYLTRANSFERASE_GENES_GFF_REAL, FASTA_PREPROCESS_ASSEMBLED, ALIGN_ACETYLTRANSFERASES_TO_PANGENOME, PROKKA_ASSEMBLED, GATHER_TOP_BLAST_INFO_AND_ANNOTATIONS_ASSEMBLE, PROKKA, EXTRACT_TOP_BLAST_HITS_REAL, GATHER_TOP_BLAST_INFO_AND_ANNOTATIONS, EXTRACT_TOP_BLAST_HITS, BLAST_ACETYLTRANSFERASES_PREASSEMBLED, DWGSIM_NON_MUTATED, UNICYCLER_ASSEMBLY, SNIPPY_REAL_READS, EXTRACT_ACETYLTRANSFERASE_GENES_GFF, FASTA_PREPROCESS, EXTRACT_KEYWORD_GENES, ANALYZE_PREMATURE_STOPS_ASSEMBLED, GATHER_TOP_BLAST_INFO_AND_ANNOTATIONS_READS, EXTRACT_ACETYLTRANSFERASE_GENES_GFF_ASSEMBLED, APPLY_SNIPPY_CHANGES_REAL, ALIGN_KEYWORD_GENES_TO_REFERENCE
Aug-18 04:27:26.387 [main] WARN  nextflow.Session - There's no process matching config selector: COMBINE_REAL_RESULTS
Aug-18 04:27:26.389 [main] DEBUG nextflow.Session - Igniting dataflow network (15)
Aug-18 04:27:26.394 [main] DEBUG nextflow.processor.TaskProcessor - Starting process > DWGSIM_NON_MUTATED
Aug-18 04:27:26.395 [main] DEBUG nextflow.processor.TaskProcessor - Starting process > FASTP
Aug-18 04:27:26.396 [main] DEBUG nextflow.processor.TaskProcessor - Starting process > UNICYCLER_ASSEMBLY
Aug-18 04:27:26.396 [main] DEBUG nextflow.processor.TaskProcessor - Starting process > PROKKA_ASSEMBLED
Aug-18 04:27:26.409 [main] DEBUG nextflow.processor.TaskProcessor - Starting process > EXTRACT_ACETYLTRANSFERASE_GENES_GFF_REAL
Aug-18 04:27:26.411 [main] DEBUG nextflow.processor.TaskProcessor - Starting process > EXTRACT_KEYWORD_GENES
Aug-18 04:27:26.411 [main] DEBUG nextflow.processor.TaskProcessor - Starting process > ALIGN_ACETYLTRANSFERASES_TO_PANGENOME
Aug-18 04:27:26.411 [main] DEBUG nextflow.processor.TaskProcessor - Starting process > SNIPPY_REAL_READS
Aug-18 04:27:26.412 [main] DEBUG nextflow.processor.TaskProcessor - Starting process > APPLY_SNIPPY_CHANGES_REAL
Aug-18 04:27:26.412 [main] DEBUG nextflow.processor.TaskProcessor - Starting process > ANALYZE_PREMATURE_STOPS_REAL
Aug-18 04:27:26.413 [main] DEBUG nextflow.processor.TaskProcessor - Starting process > BLAST_ACETYLTRANSFERASES_REAL
Aug-18 04:27:26.413 [main] DEBUG nextflow.processor.TaskProcessor - Starting process > GATHER_TOP_BLAST_INFO_AND_ANNOTATIONS_READS
Aug-18 04:27:26.414 [PathVisitor-3] DEBUG nextflow.file.PathVisitor - files for syntax: glob; folder: /home/tbea20/Research-Project-2B-Final/results/Custom_BLAST_DB/; pattern: *; options: [:]
Aug-18 04:27:26.415 [main] DEBUG nextflow.script.ScriptRunner - Parsed script files:
  Script_8446205110e80deb: /home/tbea20/Research-Project-2B-Final/./modules/blast_acetyltransferases.nf
  Script_a35f7741efc5bda6: /home/tbea20/Research-Project-2B-Final/./modules/snippy_real_reads.nf
  Script_5b5feaca710ed2b4: /home/tbea20/Research-Project-2B-Final/./modules/fasta_preprocess.nf
  Script_8eb6c65a7c5f4f6c: /home/tbea20/Research-Project-2B-Final/real_reads_analysis.nf
  Script_c425b9f4ef220d08: /home/tbea20/Research-Project-2B-Final/./modules/extract_acetyltransferase_genes_gff.nf
  Script_595ae439b5458999: /home/tbea20/Research-Project-2B-Final/./modules/prokka.nf
  Script_08b87a9fa4fe2b30: /home/tbea20/Research-Project-2B-Final/./modules/compare_annotations.nf
  Script_ab7155a96ab2a9dd: /home/tbea20/Research-Project-2B-Final/./modules/gather_top_blast_info_and_annotations.nf
  Script_961e4d54bfee6829: /home/tbea20/Research-Project-2B-Final/./modules/unicycler_assembly.nf
  Script_45f442066e323e1e: /home/tbea20/Research-Project-2B-Final/./modules/analyze_premature_stops_assembled.nf
  Script_2c4f2d731255822d: /home/tbea20/Research-Project-2B-Final/./modules/extract_top_blast_hits.nf
  Script_47766eca600128e6: /home/tbea20/Research-Project-2B-Final/./modules/dwgsim_non_mutated.nf
  Script_fc679084ee09990b: /home/tbea20/Research-Project-2B-Final/./modules/fastp.nf
  Script_aeda62a1b37ca375: /home/tbea20/Research-Project-2B-Final/./modules/extract_keyword_genes.nf
  Script_85a0a0f507e06a0f: /home/tbea20/Research-Project-2B-Final/./modules/align_keyword_genes_to_reference.nf
  Script_83dadcb03be38f2e: /home/tbea20/Research-Project-2B-Final/./modules/apply_snippy_changes_real.nf
Aug-18 04:27:26.415 [main] DEBUG nextflow.script.ScriptRunner - > Awaiting termination 
Aug-18 04:27:26.415 [main] DEBUG nextflow.Session - Session await
Aug-18 04:27:26.624 [Actor Thread 28] INFO  nextflow.processor.TaskProcessor - [dd/253963] Cached process > EXTRACT_KEYWORD_GENES (Extracting genes matching acetyltransferase)
Aug-18 04:27:26.624 [Actor Thread 29] INFO  nextflow.processor.TaskProcessor - [bd/cf9cee] Cached process > DWGSIM_NON_MUTATED (DWGSIM_NON_MUTATED on 9950_2#65)
Aug-18 04:27:26.729 [Actor Thread 38] INFO  nextflow.processor.TaskProcessor - [01/0501ee] Cached process > FASTP (Preprocess 9950_2#65)
Aug-18 04:27:26.748 [Actor Thread 53] INFO  nextflow.processor.TaskProcessor - [ae/52559b] Cached process > SNIPPY_REAL_READS (Snippy on 9950_2#65)
Aug-18 04:27:26.763 [Actor Thread 65] INFO  nextflow.processor.TaskProcessor - [b0/485896] Cached process > APPLY_SNIPPY_CHANGES_REAL (Applying Snippy changes and analyzing premature stops for 9950_2#65)
Aug-18 04:27:26.799 [Actor Thread 49] INFO  nextflow.processor.TaskProcessor - [34/fded0c] Cached process > UNICYCLER_ASSEMBLY (Unicycler on 9950_2#65)
Aug-18 04:27:26.835 [Actor Thread 79] INFO  nextflow.processor.TaskProcessor - [57/d4b07c] Cached process > PROKKA_ASSEMBLED (PROKKA on 9950_2#65)
Aug-18 04:27:26.851 [Actor Thread 90] INFO  nextflow.processor.TaskProcessor - [fb/8fba3a] Cached process > EXTRACT_ACETYLTRANSFERASE_GENES_GFF_REAL (Extract genes from 9950_2#65)
Aug-18 04:27:26.878 [Actor Thread 104] INFO  nextflow.processor.TaskProcessor - [af/6fef4f] Cached process > ANALYZE_PREMATURE_STOPS_REAL (Analyzing premature stops in 9950_2#65)
Aug-18 04:27:26.897 [Actor Thread 108] INFO  nextflow.processor.TaskProcessor - [85/4528f4] Cached process > ALIGN_ACETYLTRANSFERASES_TO_PANGENOME (Aligning individual acetyltransferases to pangenome reference)
Aug-18 04:27:26.929 [Actor Thread 105] INFO  nextflow.processor.TaskProcessor - [14/627235] Cached process > BLAST_ACETYLTRANSFERASES_REAL (BLASTing acetyltransferases for 9950_2#65)
Aug-18 04:27:26.938 [Actor Thread 128] WARN  nextflow.script.ScriptBinding - Access to undefined parameter `email` -- Initialise it to a default value eg. `params.email = some_value`
Aug-18 04:27:26.996 [Task submitter] DEBUG n.executor.local.LocalTaskHandler - Launch cmd line: /bin/bash -ue .command.run
Aug-18 04:27:26.999 [Task submitter] INFO  nextflow.Session - [d8/f667a0] Submitted process > GATHER_TOP_BLAST_INFO_AND_ANNOTATIONS_READS (Gathering top BLAST info and annotations for 9950_2#65)
Aug-18 04:27:43.072 [Task monitor] DEBUG n.processor.TaskPollingMonitor - Task completed > TaskHandler[id: 12; name: GATHER_TOP_BLAST_INFO_AND_ANNOTATIONS_READS (Gathering top BLAST info and annotations for 9950_2#65); status: COMPLETED; exit: 0; error: -; workDir: /home/tbea20/Research-Project-2B-Final/work/d8/f667a07d1d0415e088f7fee22005c3]
Aug-18 04:27:43.078 [main] DEBUG nextflow.Session - Session await > all processes finished
Aug-18 04:27:43.172 [Task monitor] DEBUG n.processor.TaskPollingMonitor - <<< barrier arrives (monitor: local) - terminating tasks monitor poll loop
Aug-18 04:27:43.172 [main] DEBUG nextflow.Session - Session await > all barriers passed
Aug-18 04:27:43.174 [main] DEBUG nextflow.util.ThreadPoolManager - Thread pool 'TaskFinalizer' shutdown completed (hard=false)
Aug-18 04:27:43.175 [main] DEBUG nextflow.util.ThreadPoolManager - Thread pool 'PublishDir' shutdown completed (hard=false)
Aug-18 04:27:43.176 [main] INFO  nextflow.Nextflow - Pipeline completed at: 2024-08-18T04:27:43.175367338+01:00
Aug-18 04:27:43.177 [main] INFO  nextflow.Nextflow - Execution status: OK
Aug-18 04:27:43.177 [main] INFO  nextflow.Nextflow - Execution duration: 18.4s
Aug-18 04:27:43.180 [main] DEBUG n.trace.WorkflowStatsObserver - Workflow completed > WorkflowStats[succeededCount=1; failedCount=0; ignoredCount=0; cachedCount=11; pendingCount=0; submittedCount=0; runningCount=0; retriesCount=0; abortedCount=0; succeedDuration=16s; failedDuration=0ms; cachedDuration=18m;loadCpus=0; loadMemory=0; peakRunning=1; peakCpus=1; peakMemory=0; ]
Aug-18 04:27:43.180 [main] DEBUG nextflow.trace.TraceFileObserver - Workflow completed -- saving trace file
Aug-18 04:27:43.182 [main] DEBUG nextflow.trace.ReportObserver - Workflow completed -- rendering execution report
Aug-18 04:27:43.616 [main] DEBUG nextflow.trace.TimelineObserver - Workflow completed -- rendering execution timeline
Aug-18 04:27:43.819 [main] DEBUG nextflow.cache.CacheDB - Closing CacheDB done
Aug-18 04:27:43.863 [main] DEBUG nextflow.util.ThreadPoolManager - Thread pool 'FileTransfer' shutdown completed (hard=false)
Aug-18 04:27:43.864 [main] DEBUG nextflow.script.ScriptRunner - > Execution complete -- Goodbye
